<?xml version="1.0" encoding="UTF-8"?>
<testng-results ignored="0" total="18" passed="11" failed="7" skipped="0">
  <reporter-output>
  </reporter-output>
  <suite started-at="2021-03-08T00:01:29 ICT" name="Search Weather" finished-at="2021-03-08T00:03:09 ICT" duration-ms="99620">
    <groups>
    </groups>
    <test started-at="2021-03-08T00:01:29 ICT" name="FireFox Test" finished-at="2021-03-08T00:02:32 ICT" duration-ms="62354">
      <class name="searchweather.SearchCurrentWeather">
        <test-method is-config="true" signature="setBrowser(data.DriverType)[pri:0, instance:searchweather.SearchCurrentWeather@563f38c4]" started-at="2021-03-08T00:01:29 ICT" name="setBrowser" finished-at="2021-03-08T00:01:41 ICT" duration-ms="11694" status="PASS">
          <params>
            <param index="0">
              <value>
                <![CDATA[FIREFOX]]>
              </value>
            </param>
          </params>
          <reporter-output>
          </reporter-output>
        </test-method> <!-- setBrowser -->
        <test-method signature="searchCurrentWeather(java.lang.String, java.lang.String)[pri:0, instance:searchweather.SearchCurrentWeather@563f38c4]" started-at="2021-03-08T00:01:52 ICT" name="searchCurrentWeather" data-provider="invalidCities" finished-at="2021-03-08T00:01:55 ICT" duration-ms="2614" status="PASS">
          <params>
            <param index="0">
              <value>
                <![CDATA[Londo]]>
              </value>
            </param>
            <param index="1">
              <value>
                <![CDATA[US]]>
              </value>
            </param>
          </params>
          <reporter-output>
          </reporter-output>
        </test-method> <!-- searchCurrentWeather -->
        <test-method signature="searchCurrentWeather(java.lang.String, java.lang.String)[pri:0, instance:searchweather.SearchCurrentWeather@563f38c4]" started-at="2021-03-08T00:01:55 ICT" name="searchCurrentWeather" data-provider="invalidCities" finished-at="2021-03-08T00:01:55 ICT" duration-ms="270" status="PASS">
          <params>
            <param index="0">
              <value>
                <![CDATA[US]]>
              </value>
            </param>
            <param index="1">
              <value>
                <![CDATA[]]>
              </value>
            </param>
          </params>
          <reporter-output>
          </reporter-output>
        </test-method> <!-- searchCurrentWeather -->
        <test-method signature="searchCurrentWeather(java.lang.String, java.lang.String)[pri:0, instance:searchweather.SearchCurrentWeather@563f38c4]" started-at="2021-03-08T00:01:55 ICT" name="searchCurrentWeather" data-provider="invalidCities" finished-at="2021-03-08T00:01:55 ICT" duration-ms="249" status="PASS">
          <params>
            <param index="0">
              <value>
                <![CDATA[UK]]>
              </value>
            </param>
            <param index="1">
              <value>
                <![CDATA[US]]>
              </value>
            </param>
          </params>
          <reporter-output>
          </reporter-output>
        </test-method> <!-- searchCurrentWeather -->
        <test-method signature="searchCurrentWeather(java.lang.String, java.lang.String)[pri:0, instance:searchweather.SearchCurrentWeather@563f38c4]" started-at="2021-03-08T00:01:55 ICT" name="searchCurrentWeather" data-provider="invalidCities" finished-at="2021-03-08T00:01:56 ICT" duration-ms="166" status="PASS">
          <params>
            <param index="0">
              <value>
                <![CDATA[…]]>
              </value>
            </param>
            <param index="1">
              <value>
                <![CDATA[]]>
              </value>
            </param>
          </params>
          <reporter-output>
          </reporter-output>
        </test-method> <!-- searchCurrentWeather -->
        <test-method signature="searchCurrentWeather(java.lang.String, java.lang.String)[pri:0, instance:searchweather.SearchCurrentWeather@563f38c4]" started-at="2021-03-08T00:01:56 ICT" name="searchCurrentWeather" data-provider="invalidCities" finished-at="2021-03-08T00:02:07 ICT" duration-ms="11474" status="FAIL">
          <params>
            <param index="0">
              <value>
                <![CDATA[????]]>
              </value>
            </param>
            <param index="1">
              <value>
                <![CDATA[]]>
              </value>
            </param>
          </params>
          <exception class="java.lang.AssertionError">
            <message>
              <![CDATA[AUT bug!!! Not Found is not retured when searching weather in an invalid city: ????, expected [true] but found [false]]]>
            </message>
            <full-stacktrace>
              <![CDATA[java.lang.AssertionError: AUT bug!!! Not Found is not retured when searching weather in an invalid city: ????, expected [true] but found [false]
at org.testng.Assert.fail(Assert.java:99)
at org.testng.Assert.failNotEquals(Assert.java:1037)
at org.testng.Assert.assertEqualsImpl(Assert.java:140)
at org.testng.Assert.assertEquals(Assert.java:122)
at org.testng.Assert.assertEquals(Assert.java:819)
at searchweather.SearchCurrentWeather.searchCurrentWeather(SearchCurrentWeather.java:82)
at java.base/jdk.internal.reflect.NativeMethodAccessorImpl.invoke0(Native Method)
at java.base/jdk.internal.reflect.NativeMethodAccessorImpl.invoke(NativeMethodAccessorImpl.java:64)
at java.base/jdk.internal.reflect.DelegatingMethodAccessorImpl.invoke(DelegatingMethodAccessorImpl.java:43)
at java.base/java.lang.reflect.Method.invoke(Method.java:564)
at org.testng.internal.MethodInvocationHelper.invokeMethod(MethodInvocationHelper.java:132)
at org.testng.internal.TestInvoker.invokeMethod(TestInvoker.java:599)
at org.testng.internal.TestInvoker.invokeTestMethod(TestInvoker.java:174)
at org.testng.internal.MethodRunner.runInSequence(MethodRunner.java:46)
at org.testng.internal.TestInvoker$MethodInvocationAgent.invoke(TestInvoker.java:822)
at org.testng.internal.TestInvoker.invokeTestMethods(TestInvoker.java:147)
at org.testng.internal.TestMethodWorker.invokeTestMethods(TestMethodWorker.java:146)
at org.testng.internal.TestMethodWorker.run(TestMethodWorker.java:128)
at java.base/java.util.ArrayList.forEach(ArrayList.java:1511)
at org.testng.TestRunner.privateRun(TestRunner.java:764)
at org.testng.TestRunner.run(TestRunner.java:585)
at org.testng.SuiteRunner.runTest(SuiteRunner.java:384)
at org.testng.SuiteRunner.access$000(SuiteRunner.java:28)
at org.testng.SuiteRunner$SuiteWorker.run(SuiteRunner.java:425)
at org.testng.internal.thread.ThreadUtil.lambda$execute$0(ThreadUtil.java:66)
at java.base/java.util.concurrent.FutureTask.run(FutureTask.java:264)
at java.base/java.util.concurrent.ThreadPoolExecutor.runWorker(ThreadPoolExecutor.java:1130)
at java.base/java.util.concurrent.ThreadPoolExecutor$Worker.run(ThreadPoolExecutor.java:630)
at java.base/java.lang.Thread.run(Thread.java:832)
]]>
            </full-stacktrace>
          </exception> <!-- java.lang.AssertionError -->
          <reporter-output>
          </reporter-output>
        </test-method> <!-- searchCurrentWeather -->
        <test-method signature="searchCurrentWeather(java.lang.String, java.lang.String)[pri:0, instance:searchweather.SearchCurrentWeather@563f38c4]" started-at="2021-03-08T00:02:07 ICT" name="searchCurrentWeather" data-provider="invalidCities" finished-at="2021-03-08T00:02:18 ICT" duration-ms="11265" status="FAIL">
          <params>
            <param index="0">
              <value>
                <![CDATA[,,,,]]>
              </value>
            </param>
            <param index="1">
              <value>
                <![CDATA[]]>
              </value>
            </param>
          </params>
          <exception class="java.lang.AssertionError">
            <message>
              <![CDATA[AUT bug!!! Not Found is not retured when searching weather in an invalid city: ,,,,, expected [true] but found [false]]]>
            </message>
            <full-stacktrace>
              <![CDATA[java.lang.AssertionError: AUT bug!!! Not Found is not retured when searching weather in an invalid city: ,,,,, expected [true] but found [false]
at org.testng.Assert.fail(Assert.java:99)
at org.testng.Assert.failNotEquals(Assert.java:1037)
at org.testng.Assert.assertEqualsImpl(Assert.java:140)
at org.testng.Assert.assertEquals(Assert.java:122)
at org.testng.Assert.assertEquals(Assert.java:819)
at searchweather.SearchCurrentWeather.searchCurrentWeather(SearchCurrentWeather.java:82)
at java.base/jdk.internal.reflect.NativeMethodAccessorImpl.invoke0(Native Method)
at java.base/jdk.internal.reflect.NativeMethodAccessorImpl.invoke(NativeMethodAccessorImpl.java:64)
at java.base/jdk.internal.reflect.DelegatingMethodAccessorImpl.invoke(DelegatingMethodAccessorImpl.java:43)
at java.base/java.lang.reflect.Method.invoke(Method.java:564)
at org.testng.internal.MethodInvocationHelper.invokeMethod(MethodInvocationHelper.java:132)
at org.testng.internal.TestInvoker.invokeMethod(TestInvoker.java:599)
at org.testng.internal.TestInvoker.invokeTestMethod(TestInvoker.java:174)
at org.testng.internal.MethodRunner.runInSequence(MethodRunner.java:46)
at org.testng.internal.TestInvoker$MethodInvocationAgent.invoke(TestInvoker.java:822)
at org.testng.internal.TestInvoker.invokeTestMethods(TestInvoker.java:147)
at org.testng.internal.TestMethodWorker.invokeTestMethods(TestMethodWorker.java:146)
at org.testng.internal.TestMethodWorker.run(TestMethodWorker.java:128)
at java.base/java.util.ArrayList.forEach(ArrayList.java:1511)
at org.testng.TestRunner.privateRun(TestRunner.java:764)
at org.testng.TestRunner.run(TestRunner.java:585)
at org.testng.SuiteRunner.runTest(SuiteRunner.java:384)
at org.testng.SuiteRunner.access$000(SuiteRunner.java:28)
at org.testng.SuiteRunner$SuiteWorker.run(SuiteRunner.java:425)
at org.testng.internal.thread.ThreadUtil.lambda$execute$0(ThreadUtil.java:66)
at java.base/java.util.concurrent.FutureTask.run(FutureTask.java:264)
at java.base/java.util.concurrent.ThreadPoolExecutor.runWorker(ThreadPoolExecutor.java:1130)
at java.base/java.util.concurrent.ThreadPoolExecutor$Worker.run(ThreadPoolExecutor.java:630)
at java.base/java.lang.Thread.run(Thread.java:832)
]]>
            </full-stacktrace>
          </exception> <!-- java.lang.AssertionError -->
          <reporter-output>
          </reporter-output>
        </test-method> <!-- searchCurrentWeather -->
        <test-method signature="searchCurrentWeather(java.lang.String, java.lang.String)[pri:0, instance:searchweather.SearchCurrentWeather@563f38c4]" started-at="2021-03-08T00:02:18 ICT" name="searchCurrentWeather" data-provider="invalidCities" finished-at="2021-03-08T00:02:21 ICT" duration-ms="2206" status="PASS">
          <params>
            <param index="0">
              <value>
                <![CDATA[****]]>
              </value>
            </param>
            <param index="1">
              <value>
                <![CDATA[]]>
              </value>
            </param>
          </params>
          <reporter-output>
          </reporter-output>
        </test-method> <!-- searchCurrentWeather -->
        <test-method signature="searchCurrentWeather(java.lang.String, java.lang.String)[pri:0, instance:searchweather.SearchCurrentWeather@563f38c4]" started-at="2021-03-08T00:02:21 ICT" name="searchCurrentWeather" data-provider="invalidCities" finished-at="2021-03-08T00:02:21 ICT" duration-ms="382" status="PASS">
          <params>
            <param index="0">
              <value>
                <![CDATA[This city does not exist in the world! This city does not exist in the world! This city does not exist in the world! This city does not exist in the world!]]>
              </value>
            </param>
            <param index="1">
              <value>
                <![CDATA[]]>
              </value>
            </param>
          </params>
          <reporter-output>
          </reporter-output>
        </test-method> <!-- searchCurrentWeather -->
        <test-method is-config="true" signature="quitDriver()[pri:0, instance:searchweather.SearchCurrentWeather@563f38c4]" started-at="2021-03-08T00:02:21 ICT" name="quitDriver" finished-at="2021-03-08T00:02:22 ICT" duration-ms="943" status="PASS">
          <reporter-output>
          </reporter-output>
        </test-method> <!-- quitDriver -->
      </class> <!-- searchweather.SearchCurrentWeather -->
      <class name="searchweather.SearchForecastWeather">
        <test-method is-config="true" signature="setBrowser(data.DriverType)[pri:0, instance:searchweather.SearchForecastWeather@543295b0]" started-at="2021-03-08T00:01:41 ICT" name="setBrowser" finished-at="2021-03-08T00:01:51 ICT" duration-ms="10159" status="PASS">
          <params>
            <param index="0">
              <value>
                <![CDATA[FIREFOX]]>
              </value>
            </param>
          </params>
          <reporter-output>
          </reporter-output>
        </test-method> <!-- setBrowser -->
        <test-method signature="searchForecastWeather()[pri:0, instance:searchweather.SearchForecastWeather@543295b0]" started-at="2021-03-08T00:02:22 ICT" name="searchForecastWeather" finished-at="2021-03-08T00:02:31 ICT" duration-ms="8792" status="PASS">
          <reporter-output>
          </reporter-output>
        </test-method> <!-- searchForecastWeather -->
        <test-method is-config="true" signature="quitDriver()[pri:0, instance:searchweather.SearchForecastWeather@543295b0]" started-at="2021-03-08T00:02:31 ICT" name="quitDriver" finished-at="2021-03-08T00:02:32 ICT" duration-ms="976" status="PASS">
          <reporter-output>
          </reporter-output>
        </test-method> <!-- quitDriver -->
      </class> <!-- searchweather.SearchForecastWeather -->
    </test> <!-- FireFox Test -->
    <test started-at="2021-03-08T00:01:29 ICT" name="Chrome Test" finished-at="2021-03-08T00:03:09 ICT" duration-ms="99620">
      <class name="searchweather.SearchCurrentWeather">
        <test-method is-config="true" signature="setBrowser(data.DriverType)[pri:0, instance:searchweather.SearchCurrentWeather@1a6d8329]" started-at="2021-03-08T00:01:29 ICT" name="setBrowser" finished-at="2021-03-08T00:01:40 ICT" duration-ms="10987" status="PASS">
          <params>
            <param index="0">
              <value>
                <![CDATA[CHROME]]>
              </value>
            </param>
          </params>
          <reporter-output>
          </reporter-output>
        </test-method> <!-- setBrowser -->
        <test-method signature="searchCurrentWeather(java.lang.String, java.lang.String)[pri:0, instance:searchweather.SearchCurrentWeather@1a6d8329]" started-at="2021-03-08T00:01:53 ICT" name="searchCurrentWeather" data-provider="invalidCities" finished-at="2021-03-08T00:01:56 ICT" duration-ms="2692" status="PASS">
          <params>
            <param index="0">
              <value>
                <![CDATA[Londo]]>
              </value>
            </param>
            <param index="1">
              <value>
                <![CDATA[US]]>
              </value>
            </param>
          </params>
          <reporter-output>
          </reporter-output>
        </test-method> <!-- searchCurrentWeather -->
        <test-method signature="searchCurrentWeather(java.lang.String, java.lang.String)[pri:0, instance:searchweather.SearchCurrentWeather@1a6d8329]" started-at="2021-03-08T00:01:56 ICT" name="searchCurrentWeather" data-provider="invalidCities" finished-at="2021-03-08T00:02:08 ICT" duration-ms="11538" status="FAIL">
          <params>
            <param index="0">
              <value>
                <![CDATA[US]]>
              </value>
            </param>
            <param index="1">
              <value>
                <![CDATA[]]>
              </value>
            </param>
          </params>
          <exception class="java.lang.AssertionError">
            <message>
              <![CDATA[AUT bug!!! Not Found is not retured when searching weather in an invalid city: US, expected [true] but found [false]]]>
            </message>
            <full-stacktrace>
              <![CDATA[java.lang.AssertionError: AUT bug!!! Not Found is not retured when searching weather in an invalid city: US, expected [true] but found [false]
at org.testng.Assert.fail(Assert.java:99)
at org.testng.Assert.failNotEquals(Assert.java:1037)
at org.testng.Assert.assertEqualsImpl(Assert.java:140)
at org.testng.Assert.assertEquals(Assert.java:122)
at org.testng.Assert.assertEquals(Assert.java:819)
at searchweather.SearchCurrentWeather.searchCurrentWeather(SearchCurrentWeather.java:82)
at java.base/jdk.internal.reflect.NativeMethodAccessorImpl.invoke0(Native Method)
at java.base/jdk.internal.reflect.NativeMethodAccessorImpl.invoke(NativeMethodAccessorImpl.java:64)
at java.base/jdk.internal.reflect.DelegatingMethodAccessorImpl.invoke(DelegatingMethodAccessorImpl.java:43)
at java.base/java.lang.reflect.Method.invoke(Method.java:564)
at org.testng.internal.MethodInvocationHelper.invokeMethod(MethodInvocationHelper.java:132)
at org.testng.internal.TestInvoker.invokeMethod(TestInvoker.java:599)
at org.testng.internal.TestInvoker.invokeTestMethod(TestInvoker.java:174)
at org.testng.internal.MethodRunner.runInSequence(MethodRunner.java:46)
at org.testng.internal.TestInvoker$MethodInvocationAgent.invoke(TestInvoker.java:822)
at org.testng.internal.TestInvoker.invokeTestMethods(TestInvoker.java:147)
at org.testng.internal.TestMethodWorker.invokeTestMethods(TestMethodWorker.java:146)
at org.testng.internal.TestMethodWorker.run(TestMethodWorker.java:128)
at java.base/java.util.ArrayList.forEach(ArrayList.java:1511)
at org.testng.TestRunner.privateRun(TestRunner.java:764)
at org.testng.TestRunner.run(TestRunner.java:585)
at org.testng.SuiteRunner.runTest(SuiteRunner.java:384)
at org.testng.SuiteRunner.access$000(SuiteRunner.java:28)
at org.testng.SuiteRunner$SuiteWorker.run(SuiteRunner.java:425)
at org.testng.internal.thread.ThreadUtil.lambda$execute$0(ThreadUtil.java:66)
at java.base/java.util.concurrent.FutureTask.run(FutureTask.java:264)
at java.base/java.util.concurrent.ThreadPoolExecutor.runWorker(ThreadPoolExecutor.java:1130)
at java.base/java.util.concurrent.ThreadPoolExecutor$Worker.run(ThreadPoolExecutor.java:630)
at java.base/java.lang.Thread.run(Thread.java:832)
]]>
            </full-stacktrace>
          </exception> <!-- java.lang.AssertionError -->
          <reporter-output>
          </reporter-output>
        </test-method> <!-- searchCurrentWeather -->
        <test-method signature="searchCurrentWeather(java.lang.String, java.lang.String)[pri:0, instance:searchweather.SearchCurrentWeather@1a6d8329]" started-at="2021-03-08T00:02:08 ICT" name="searchCurrentWeather" data-provider="invalidCities" finished-at="2021-03-08T00:02:10 ICT" duration-ms="2197" status="PASS">
          <params>
            <param index="0">
              <value>
                <![CDATA[UK]]>
              </value>
            </param>
            <param index="1">
              <value>
                <![CDATA[US]]>
              </value>
            </param>
          </params>
          <reporter-output>
          </reporter-output>
        </test-method> <!-- searchCurrentWeather -->
        <test-method signature="searchCurrentWeather(java.lang.String, java.lang.String)[pri:0, instance:searchweather.SearchCurrentWeather@1a6d8329]" started-at="2021-03-08T00:02:10 ICT" name="searchCurrentWeather" data-provider="invalidCities" finished-at="2021-03-08T00:02:11 ICT" duration-ms="1414" status="PASS">
          <params>
            <param index="0">
              <value>
                <![CDATA[…]]>
              </value>
            </param>
            <param index="1">
              <value>
                <![CDATA[]]>
              </value>
            </param>
          </params>
          <reporter-output>
          </reporter-output>
        </test-method> <!-- searchCurrentWeather -->
        <test-method signature="searchCurrentWeather(java.lang.String, java.lang.String)[pri:0, instance:searchweather.SearchCurrentWeather@1a6d8329]" started-at="2021-03-08T00:02:11 ICT" name="searchCurrentWeather" data-provider="invalidCities" finished-at="2021-03-08T00:02:23 ICT" duration-ms="11846" status="FAIL">
          <params>
            <param index="0">
              <value>
                <![CDATA[????]]>
              </value>
            </param>
            <param index="1">
              <value>
                <![CDATA[]]>
              </value>
            </param>
          </params>
          <exception class="java.lang.AssertionError">
            <message>
              <![CDATA[AUT bug!!! Not Found is not retured when searching weather in an invalid city: ????, expected [true] but found [false]]]>
            </message>
            <full-stacktrace>
              <![CDATA[java.lang.AssertionError: AUT bug!!! Not Found is not retured when searching weather in an invalid city: ????, expected [true] but found [false]
at org.testng.Assert.fail(Assert.java:99)
at org.testng.Assert.failNotEquals(Assert.java:1037)
at org.testng.Assert.assertEqualsImpl(Assert.java:140)
at org.testng.Assert.assertEquals(Assert.java:122)
at org.testng.Assert.assertEquals(Assert.java:819)
at searchweather.SearchCurrentWeather.searchCurrentWeather(SearchCurrentWeather.java:82)
at java.base/jdk.internal.reflect.NativeMethodAccessorImpl.invoke0(Native Method)
at java.base/jdk.internal.reflect.NativeMethodAccessorImpl.invoke(NativeMethodAccessorImpl.java:64)
at java.base/jdk.internal.reflect.DelegatingMethodAccessorImpl.invoke(DelegatingMethodAccessorImpl.java:43)
at java.base/java.lang.reflect.Method.invoke(Method.java:564)
at org.testng.internal.MethodInvocationHelper.invokeMethod(MethodInvocationHelper.java:132)
at org.testng.internal.TestInvoker.invokeMethod(TestInvoker.java:599)
at org.testng.internal.TestInvoker.invokeTestMethod(TestInvoker.java:174)
at org.testng.internal.MethodRunner.runInSequence(MethodRunner.java:46)
at org.testng.internal.TestInvoker$MethodInvocationAgent.invoke(TestInvoker.java:822)
at org.testng.internal.TestInvoker.invokeTestMethods(TestInvoker.java:147)
at org.testng.internal.TestMethodWorker.invokeTestMethods(TestMethodWorker.java:146)
at org.testng.internal.TestMethodWorker.run(TestMethodWorker.java:128)
at java.base/java.util.ArrayList.forEach(ArrayList.java:1511)
at org.testng.TestRunner.privateRun(TestRunner.java:764)
at org.testng.TestRunner.run(TestRunner.java:585)
at org.testng.SuiteRunner.runTest(SuiteRunner.java:384)
at org.testng.SuiteRunner.access$000(SuiteRunner.java:28)
at org.testng.SuiteRunner$SuiteWorker.run(SuiteRunner.java:425)
at org.testng.internal.thread.ThreadUtil.lambda$execute$0(ThreadUtil.java:66)
at java.base/java.util.concurrent.FutureTask.run(FutureTask.java:264)
at java.base/java.util.concurrent.ThreadPoolExecutor.runWorker(ThreadPoolExecutor.java:1130)
at java.base/java.util.concurrent.ThreadPoolExecutor$Worker.run(ThreadPoolExecutor.java:630)
at java.base/java.lang.Thread.run(Thread.java:832)
]]>
            </full-stacktrace>
          </exception> <!-- java.lang.AssertionError -->
          <reporter-output>
          </reporter-output>
        </test-method> <!-- searchCurrentWeather -->
        <test-method signature="searchCurrentWeather(java.lang.String, java.lang.String)[pri:0, instance:searchweather.SearchCurrentWeather@1a6d8329]" started-at="2021-03-08T00:02:23 ICT" name="searchCurrentWeather" data-provider="invalidCities" finished-at="2021-03-08T00:02:36 ICT" duration-ms="12601" status="FAIL">
          <params>
            <param index="0">
              <value>
                <![CDATA[,,,,]]>
              </value>
            </param>
            <param index="1">
              <value>
                <![CDATA[]]>
              </value>
            </param>
          </params>
          <exception class="java.lang.AssertionError">
            <message>
              <![CDATA[AUT bug!!! Not Found is not retured when searching weather in an invalid city: ,,,,, expected [true] but found [false]]]>
            </message>
            <full-stacktrace>
              <![CDATA[java.lang.AssertionError: AUT bug!!! Not Found is not retured when searching weather in an invalid city: ,,,,, expected [true] but found [false]
at org.testng.Assert.fail(Assert.java:99)
at org.testng.Assert.failNotEquals(Assert.java:1037)
at org.testng.Assert.assertEqualsImpl(Assert.java:140)
at org.testng.Assert.assertEquals(Assert.java:122)
at org.testng.Assert.assertEquals(Assert.java:819)
at searchweather.SearchCurrentWeather.searchCurrentWeather(SearchCurrentWeather.java:82)
at java.base/jdk.internal.reflect.NativeMethodAccessorImpl.invoke0(Native Method)
at java.base/jdk.internal.reflect.NativeMethodAccessorImpl.invoke(NativeMethodAccessorImpl.java:64)
at java.base/jdk.internal.reflect.DelegatingMethodAccessorImpl.invoke(DelegatingMethodAccessorImpl.java:43)
at java.base/java.lang.reflect.Method.invoke(Method.java:564)
at org.testng.internal.MethodInvocationHelper.invokeMethod(MethodInvocationHelper.java:132)
at org.testng.internal.TestInvoker.invokeMethod(TestInvoker.java:599)
at org.testng.internal.TestInvoker.invokeTestMethod(TestInvoker.java:174)
at org.testng.internal.MethodRunner.runInSequence(MethodRunner.java:46)
at org.testng.internal.TestInvoker$MethodInvocationAgent.invoke(TestInvoker.java:822)
at org.testng.internal.TestInvoker.invokeTestMethods(TestInvoker.java:147)
at org.testng.internal.TestMethodWorker.invokeTestMethods(TestMethodWorker.java:146)
at org.testng.internal.TestMethodWorker.run(TestMethodWorker.java:128)
at java.base/java.util.ArrayList.forEach(ArrayList.java:1511)
at org.testng.TestRunner.privateRun(TestRunner.java:764)
at org.testng.TestRunner.run(TestRunner.java:585)
at org.testng.SuiteRunner.runTest(SuiteRunner.java:384)
at org.testng.SuiteRunner.access$000(SuiteRunner.java:28)
at org.testng.SuiteRunner$SuiteWorker.run(SuiteRunner.java:425)
at org.testng.internal.thread.ThreadUtil.lambda$execute$0(ThreadUtil.java:66)
at java.base/java.util.concurrent.FutureTask.run(FutureTask.java:264)
at java.base/java.util.concurrent.ThreadPoolExecutor.runWorker(ThreadPoolExecutor.java:1130)
at java.base/java.util.concurrent.ThreadPoolExecutor$Worker.run(ThreadPoolExecutor.java:630)
at java.base/java.lang.Thread.run(Thread.java:832)
]]>
            </full-stacktrace>
          </exception> <!-- java.lang.AssertionError -->
          <reporter-output>
          </reporter-output>
        </test-method> <!-- searchCurrentWeather -->
        <test-method signature="searchCurrentWeather(java.lang.String, java.lang.String)[pri:0, instance:searchweather.SearchCurrentWeather@1a6d8329]" started-at="2021-03-08T00:02:36 ICT" name="searchCurrentWeather" data-provider="invalidCities" finished-at="2021-03-08T00:02:38 ICT" duration-ms="2474" status="PASS">
          <params>
            <param index="0">
              <value>
                <![CDATA[****]]>
              </value>
            </param>
            <param index="1">
              <value>
                <![CDATA[]]>
              </value>
            </param>
          </params>
          <reporter-output>
          </reporter-output>
        </test-method> <!-- searchCurrentWeather -->
        <test-method signature="searchCurrentWeather(java.lang.String, java.lang.String)[pri:0, instance:searchweather.SearchCurrentWeather@1a6d8329]" started-at="2021-03-08T00:02:38 ICT" name="searchCurrentWeather" data-provider="invalidCities" finished-at="2021-03-08T00:02:50 ICT" duration-ms="11655" status="FAIL">
          <params>
            <param index="0">
              <value>
                <![CDATA[This city does not exist in the world! This city does not exist in the world! This city does not exist in the world! This city does not exist in the world!]]>
              </value>
            </param>
            <param index="1">
              <value>
                <![CDATA[]]>
              </value>
            </param>
          </params>
          <exception class="java.lang.AssertionError">
            <message>
              <![CDATA[AUT bug!!! Not Found is not retured when searching weather in an invalid city: This city does not exist in the world! This city does not exist in the world! This city does not exist in the world! This city does not exist in the world!, expected [true] but found [false]]]>
            </message>
            <full-stacktrace>
              <![CDATA[java.lang.AssertionError: AUT bug!!! Not Found is not retured when searching weather in an invalid city: This city does not exist in the world! This city does not exist in the world! This city does not exist in the world! This city does not exist in the world!, expected [true] but found [false]
at org.testng.Assert.fail(Assert.java:99)
at org.testng.Assert.failNotEquals(Assert.java:1037)
at org.testng.Assert.assertEqualsImpl(Assert.java:140)
at org.testng.Assert.assertEquals(Assert.java:122)
at org.testng.Assert.assertEquals(Assert.java:819)
at searchweather.SearchCurrentWeather.searchCurrentWeather(SearchCurrentWeather.java:82)
at java.base/jdk.internal.reflect.NativeMethodAccessorImpl.invoke0(Native Method)
at java.base/jdk.internal.reflect.NativeMethodAccessorImpl.invoke(NativeMethodAccessorImpl.java:64)
at java.base/jdk.internal.reflect.DelegatingMethodAccessorImpl.invoke(DelegatingMethodAccessorImpl.java:43)
at java.base/java.lang.reflect.Method.invoke(Method.java:564)
at org.testng.internal.MethodInvocationHelper.invokeMethod(MethodInvocationHelper.java:132)
at org.testng.internal.TestInvoker.invokeMethod(TestInvoker.java:599)
at org.testng.internal.TestInvoker.invokeTestMethod(TestInvoker.java:174)
at org.testng.internal.MethodRunner.runInSequence(MethodRunner.java:46)
at org.testng.internal.TestInvoker$MethodInvocationAgent.invoke(TestInvoker.java:822)
at org.testng.internal.TestInvoker.invokeTestMethods(TestInvoker.java:147)
at org.testng.internal.TestMethodWorker.invokeTestMethods(TestMethodWorker.java:146)
at org.testng.internal.TestMethodWorker.run(TestMethodWorker.java:128)
at java.base/java.util.ArrayList.forEach(ArrayList.java:1511)
at org.testng.TestRunner.privateRun(TestRunner.java:764)
at org.testng.TestRunner.run(TestRunner.java:585)
at org.testng.SuiteRunner.runTest(SuiteRunner.java:384)
at org.testng.SuiteRunner.access$000(SuiteRunner.java:28)
at org.testng.SuiteRunner$SuiteWorker.run(SuiteRunner.java:425)
at org.testng.internal.thread.ThreadUtil.lambda$execute$0(ThreadUtil.java:66)
at java.base/java.util.concurrent.FutureTask.run(FutureTask.java:264)
at java.base/java.util.concurrent.ThreadPoolExecutor.runWorker(ThreadPoolExecutor.java:1130)
at java.base/java.util.concurrent.ThreadPoolExecutor$Worker.run(ThreadPoolExecutor.java:630)
at java.base/java.lang.Thread.run(Thread.java:832)
]]>
            </full-stacktrace>
          </exception> <!-- java.lang.AssertionError -->
          <reporter-output>
          </reporter-output>
        </test-method> <!-- searchCurrentWeather -->
        <test-method is-config="true" signature="quitDriver()[pri:0, instance:searchweather.SearchCurrentWeather@1a6d8329]" started-at="2021-03-08T00:02:50 ICT" name="quitDriver" finished-at="2021-03-08T00:02:51 ICT" duration-ms="673" status="PASS">
          <reporter-output>
          </reporter-output>
        </test-method> <!-- quitDriver -->
      </class> <!-- searchweather.SearchCurrentWeather -->
      <class name="searchweather.SearchForecastWeather">
        <test-method is-config="true" signature="setBrowser(data.DriverType)[pri:0, instance:searchweather.SearchForecastWeather@1a942c18]" started-at="2021-03-08T00:01:40 ICT" name="setBrowser" finished-at="2021-03-08T00:01:53 ICT" duration-ms="12999" status="PASS">
          <params>
            <param index="0">
              <value>
                <![CDATA[CHROME]]>
              </value>
            </param>
          </params>
          <reporter-output>
          </reporter-output>
        </test-method> <!-- setBrowser -->
        <test-method signature="searchForecastWeather()[pri:0, instance:searchweather.SearchForecastWeather@1a942c18]" started-at="2021-03-08T00:02:51 ICT" name="searchForecastWeather" finished-at="2021-03-08T00:03:08 ICT" duration-ms="17669" status="FAIL">
          <exception class="org.openqa.selenium.ElementClickInterceptedException">
            <message>
              <![CDATA[element click intercepted: Element <a href="/city/6058560">...</a> is not clickable at point (306, 482). Other element would receive the click: <p class="stick-footer-panel__description">...</p>
  (Session info: chrome=88.0.4324.190)
Build info: version: '3.141.59', revision: 'e82be7d358', time: '2018-11-14T08:17:03'
System info: host: 'LGVN181384', ip: '192.168.1.2', os.name: 'Windows 10', os.arch: 'amd64', os.version: '10.0', java.version: '15.0.2'
Driver info: org.openqa.selenium.chrome.ChromeDriver
Capabilities {acceptInsecureCerts: false, browserName: chrome, browserVersion: 88.0.4324.190, chrome: {chromedriverVersion: 88.0.4324.96 (68dba2d8a0b14..., userDataDir: C:\Users\hai.vu\AppData\Loc...}, goog:chromeOptions: {debuggerAddress: localhost:50804}, javascriptEnabled: true, networkConnectionEnabled: false, pageLoadStrategy: normal, platform: WINDOWS, platformName: WINDOWS, proxy: Proxy(), setWindowRect: true, strictFileInteractability: false, timeouts: {implicit: 0, pageLoad: 300000, script: 30000}, unhandledPromptBehavior: dismiss and notify, webauthn:extension:largeBlob: true, webauthn:virtualAuthenticators: true}
Session ID: 1fab75a6d46d17d95d6701fddee4cf80]]>
            </message>
            <full-stacktrace>
              <![CDATA[org.openqa.selenium.ElementClickInterceptedException: element click intercepted: Element <a href="/city/6058560">...</a> is not clickable at point (306, 482). Other element would receive the click: <p class="stick-footer-panel__description">...</p>
  (Session info: chrome=88.0.4324.190)
Build info: version: '3.141.59', revision: 'e82be7d358', time: '2018-11-14T08:17:03'
System info: host: 'LGVN181384', ip: '192.168.1.2', os.name: 'Windows 10', os.arch: 'amd64', os.version: '10.0', java.version: '15.0.2'
Driver info: org.openqa.selenium.chrome.ChromeDriver
Capabilities {acceptInsecureCerts: false, browserName: chrome, browserVersion: 88.0.4324.190, chrome: {chromedriverVersion: 88.0.4324.96 (68dba2d8a0b14..., userDataDir: C:\Users\hai.vu\AppData\Loc...}, goog:chromeOptions: {debuggerAddress: localhost:50804}, javascriptEnabled: true, networkConnectionEnabled: false, pageLoadStrategy: normal, platform: WINDOWS, platformName: WINDOWS, proxy: Proxy(), setWindowRect: true, strictFileInteractability: false, timeouts: {implicit: 0, pageLoad: 300000, script: 30000}, unhandledPromptBehavior: dismiss and notify, webauthn:extension:largeBlob: true, webauthn:virtualAuthenticators: true}
Session ID: 1fab75a6d46d17d95d6701fddee4cf80
at java.base/jdk.internal.reflect.NativeConstructorAccessorImpl.newInstance0(Native Method)
at java.base/jdk.internal.reflect.NativeConstructorAccessorImpl.newInstance(NativeConstructorAccessorImpl.java:64)
at java.base/jdk.internal.reflect.DelegatingConstructorAccessorImpl.newInstance(DelegatingConstructorAccessorImpl.java:45)
at java.base/java.lang.reflect.Constructor.newInstanceWithCaller(Constructor.java:500)
at java.base/java.lang.reflect.Constructor.newInstance(Constructor.java:481)
at org.openqa.selenium.remote.http.W3CHttpResponseCodec.createException(W3CHttpResponseCodec.java:187)
at org.openqa.selenium.remote.http.W3CHttpResponseCodec.decode(W3CHttpResponseCodec.java:122)
at org.openqa.selenium.remote.http.W3CHttpResponseCodec.decode(W3CHttpResponseCodec.java:49)
at org.openqa.selenium.remote.HttpCommandExecutor.execute(HttpCommandExecutor.java:158)
at org.openqa.selenium.remote.service.DriverCommandExecutor.execute(DriverCommandExecutor.java:83)
at org.openqa.selenium.remote.RemoteWebDriver.execute(RemoteWebDriver.java:552)
at org.openqa.selenium.remote.RemoteWebElement.execute(RemoteWebElement.java:285)
at org.openqa.selenium.remote.RemoteWebElement.click(RemoteWebElement.java:84)
at pages.FindWeatherPage.searchForecastWeather(FindWeatherPage.java:165)
at searchweather.SearchForecastWeather.searchForecastWeather(SearchForecastWeather.java:63)
at java.base/jdk.internal.reflect.NativeMethodAccessorImpl.invoke0(Native Method)
at java.base/jdk.internal.reflect.NativeMethodAccessorImpl.invoke(NativeMethodAccessorImpl.java:64)
at java.base/jdk.internal.reflect.DelegatingMethodAccessorImpl.invoke(DelegatingMethodAccessorImpl.java:43)
at java.base/java.lang.reflect.Method.invoke(Method.java:564)
at org.testng.internal.MethodInvocationHelper.invokeMethod(MethodInvocationHelper.java:132)
at org.testng.internal.TestInvoker.invokeMethod(TestInvoker.java:599)
at org.testng.internal.TestInvoker.invokeTestMethod(TestInvoker.java:174)
at org.testng.internal.MethodRunner.runInSequence(MethodRunner.java:46)
at org.testng.internal.TestInvoker$MethodInvocationAgent.invoke(TestInvoker.java:822)
at org.testng.internal.TestInvoker.invokeTestMethods(TestInvoker.java:147)
at org.testng.internal.TestMethodWorker.invokeTestMethods(TestMethodWorker.java:146)
at org.testng.internal.TestMethodWorker.run(TestMethodWorker.java:128)
at java.base/java.util.ArrayList.forEach(ArrayList.java:1511)
at org.testng.TestRunner.privateRun(TestRunner.java:764)
at org.testng.TestRunner.run(TestRunner.java:585)
at org.testng.SuiteRunner.runTest(SuiteRunner.java:384)
at org.testng.SuiteRunner.access$000(SuiteRunner.java:28)
at org.testng.SuiteRunner$SuiteWorker.run(SuiteRunner.java:425)
at org.testng.internal.thread.ThreadUtil.lambda$execute$0(ThreadUtil.java:66)
at java.base/java.util.concurrent.FutureTask.run(FutureTask.java:264)
at java.base/java.util.concurrent.ThreadPoolExecutor.runWorker(ThreadPoolExecutor.java:1130)
at java.base/java.util.concurrent.ThreadPoolExecutor$Worker.run(ThreadPoolExecutor.java:630)
at java.base/java.lang.Thread.run(Thread.java:832)
]]>
            </full-stacktrace>
          </exception> <!-- org.openqa.selenium.ElementClickInterceptedException -->
          <reporter-output>
          </reporter-output>
        </test-method> <!-- searchForecastWeather -->
        <test-method is-config="true" signature="quitDriver()[pri:0, instance:searchweather.SearchForecastWeather@1a942c18]" started-at="2021-03-08T00:03:08 ICT" name="quitDriver" finished-at="2021-03-08T00:03:09 ICT" duration-ms="670" status="PASS">
          <reporter-output>
          </reporter-output>
        </test-method> <!-- quitDriver -->
      </class> <!-- searchweather.SearchForecastWeather -->
    </test> <!-- Chrome Test -->
  </suite> <!-- Search Weather -->
</testng-results>
