<?xml version="1.0" encoding="UTF-8"?>
<!-- Generated by org.testng.reporters.JUnitXMLReporter -->
<testsuite ignored="0" hostname="lgvn181384" failures="2" tests="9" name="FireFox Test" time="62.354" errors="0" timestamp="2021-03-08T00:02:32 ICT">
  <testcase classname="searchweather.SearchCurrentWeather" name="searchCurrentWeather" time="2.614"/>
  <testcase classname="searchweather.SearchCurrentWeather" name="searchCurrentWeather" time="0.27"/>
  <testcase classname="searchweather.SearchCurrentWeather" name="searchCurrentWeather" time="0.249"/>
  <testcase classname="searchweather.SearchCurrentWeather" name="searchCurrentWeather" time="0.166"/>
  <testcase classname="searchweather.SearchCurrentWeather" name="searchCurrentWeather" time="11.474">
    <failure type="java.lang.AssertionError" message="AUT bug!!! Not Found is not retured when searching weather in an invalid city: ????, expected [true] but found [false]">
      <![CDATA[java.lang.AssertionError: AUT bug!!! Not Found is not retured when searching weather in an invalid city: ????, expected [true] but found [false]
at searchweather.SearchCurrentWeather.searchCurrentWeather(SearchCurrentWeather.java:82)
at java.base/java.util.ArrayList.forEach(ArrayList.java:1511)
at java.base/java.util.concurrent.FutureTask.run(FutureTask.java:264)
at java.base/java.util.concurrent.ThreadPoolExecutor.runWorker(ThreadPoolExecutor.java:1130)
at java.base/java.util.concurrent.ThreadPoolExecutor$Worker.run(ThreadPoolExecutor.java:630)
at java.base/java.lang.Thread.run(Thread.java:832)
... Removed 23 stack frames]]>
    </failure>
  </testcase> <!-- searchCurrentWeather -->
  <testcase classname="searchweather.SearchCurrentWeather" name="searchCurrentWeather" time="11.265">
    <failure type="java.lang.AssertionError" message="AUT bug!!! Not Found is not retured when searching weather in an invalid city: ,,,,, expected [true] but found [false]">
      <![CDATA[java.lang.AssertionError: AUT bug!!! Not Found is not retured when searching weather in an invalid city: ,,,,, expected [true] but found [false]
at searchweather.SearchCurrentWeather.searchCurrentWeather(SearchCurrentWeather.java:82)
at java.base/java.util.ArrayList.forEach(ArrayList.java:1511)
at java.base/java.util.concurrent.FutureTask.run(FutureTask.java:264)
at java.base/java.util.concurrent.ThreadPoolExecutor.runWorker(ThreadPoolExecutor.java:1130)
at java.base/java.util.concurrent.ThreadPoolExecutor$Worker.run(ThreadPoolExecutor.java:630)
at java.base/java.lang.Thread.run(Thread.java:832)
... Removed 23 stack frames]]>
    </failure>
  </testcase> <!-- searchCurrentWeather -->
  <testcase classname="searchweather.SearchCurrentWeather" name="searchCurrentWeather" time="2.206"/>
  <testcase classname="searchweather.SearchCurrentWeather" name="searchCurrentWeather" time="0.382"/>
  <testcase classname="searchweather.SearchForecastWeather" name="searchForecastWeather" time="8.792"/>
</testsuite> <!-- FireFox Test -->
